2020-12-01 14:09:22.415 [main] INFO  com.example.demo.DemoApplication - Starting DemoApplication on DESKTOP-G9P9UMO with PID 6892 (D:\date20190411\demo\target\classes started by wangmy in D:\date20190411\demo)
2020-12-01 14:09:22.420 [main] DEBUG com.example.demo.DemoApplication - Running with Spring Boot v2.1.5.RELEASE, Spring v5.1.7.RELEASE
2020-12-01 14:09:22.420 [main] INFO  com.example.demo.DemoApplication - The following profiles are active: dev
2020-12-01 14:09:23.315 [main] WARN  tk.mybatis.spring.mapper.ClassPathMapperScanner - No MyBatis mapper was found in '[com.example.demo]' package. Please check your configuration.
2020-12-01 14:09:23.385 [main] INFO  o.s.d.r.config.RepositoryConfigurationDelegate - Multiple Spring Data modules found, entering strict repository configuration mode!
2020-12-01 14:09:23.388 [main] INFO  o.s.d.r.config.RepositoryConfigurationDelegate - Bootstrapping Spring Data repositories in DEFAULT mode.
2020-12-01 14:09:23.430 [main] INFO  o.s.d.r.config.RepositoryConfigurationDelegate - Finished Spring Data repository scanning in 31ms. Found 0 repository interfaces.
2020-12-01 14:09:23.443 [main] INFO  o.s.d.r.config.RepositoryConfigurationDelegate - Multiple Spring Data modules found, entering strict repository configuration mode!
2020-12-01 14:09:23.444 [main] INFO  o.s.d.r.config.RepositoryConfigurationDelegate - Bootstrapping Spring Data repositories in DEFAULT mode.
2020-12-01 14:09:23.467 [main] INFO  o.s.d.r.config.RepositoryConfigurationDelegate - Finished Spring Data repository scanning in 14ms. Found 0 repository interfaces.
2020-12-01 14:09:24.043 [main] INFO  o.s.c.s.PostProcessorRegistrationDelegate$BeanPostProcessorChecker - Bean 'org.springframework.transaction.annotation.ProxyTransactionManagementConfiguration' of type [org.springframework.transaction.annotation.ProxyTransactionManagementConfiguration$$EnhancerBySpringCGLIB$$54b62352] is not eligible for getting processed by all BeanPostProcessors (for example: not eligible for auto-proxying)
2020-12-01 14:09:24.258 [main] INFO  o.s.c.s.PostProcessorRegistrationDelegate$BeanPostProcessorChecker - Bean 'org.springframework.security.config.annotation.configuration.ObjectPostProcessorConfiguration' of type [org.springframework.security.config.annotation.configuration.ObjectPostProcessorConfiguration$$EnhancerBySpringCGLIB$$ed63eb8c] is not eligible for getting processed by all BeanPostProcessors (for example: not eligible for auto-proxying)
2020-12-01 14:09:24.266 [main] INFO  o.s.c.s.PostProcessorRegistrationDelegate$BeanPostProcessorChecker - Bean 'objectPostProcessor' of type [org.springframework.security.config.annotation.configuration.AutowireBeanFactoryObjectPostProcessor] is not eligible for getting processed by all BeanPostProcessors (for example: not eligible for auto-proxying)
2020-12-01 14:09:24.270 [main] INFO  o.s.c.s.PostProcessorRegistrationDelegate$BeanPostProcessorChecker - Bean 'org.springframework.security.access.expression.method.DefaultMethodSecurityExpressionHandler@4fc5563d' of type [org.springframework.security.access.expression.method.DefaultMethodSecurityExpressionHandler] is not eligible for getting processed by all BeanPostProcessors (for example: not eligible for auto-proxying)
2020-12-01 14:09:24.272 [main] INFO  o.s.c.s.PostProcessorRegistrationDelegate$BeanPostProcessorChecker - Bean 'org.springframework.security.config.annotation.method.configuration.GlobalMethodSecurityConfiguration' of type [org.springframework.security.config.annotation.method.configuration.GlobalMethodSecurityConfiguration$$EnhancerBySpringCGLIB$$12388e3e] is not eligible for getting processed by all BeanPostProcessors (for example: not eligible for auto-proxying)
2020-12-01 14:09:24.285 [main] INFO  o.s.c.s.PostProcessorRegistrationDelegate$BeanPostProcessorChecker - Bean 'methodSecurityMetadataSource' of type [org.springframework.security.access.method.DelegatingMethodSecurityMetadataSource] is not eligible for getting processed by all BeanPostProcessors (for example: not eligible for auto-proxying)
2020-12-01 14:09:24.733 [main] INFO  o.s.boot.web.embedded.tomcat.TomcatWebServer - Tomcat initialized with port(s): 8082 (http)
2020-12-01 14:09:24.841 [main] INFO  org.apache.coyote.http11.Http11NioProtocol - Initializing ProtocolHandler ["http-nio-8082"]
2020-12-01 14:09:24.852 [main] INFO  org.apache.catalina.core.StandardService - Starting service [Tomcat]
2020-12-01 14:09:24.852 [main] INFO  org.apache.catalina.core.StandardEngine - Starting Servlet engine: [Apache Tomcat/9.0.19]
2020-12-01 14:09:24.971 [main] INFO  o.a.c.core.ContainerBase.[Tomcat].[localhost].[/] - Initializing Spring embedded WebApplicationContext
2020-12-01 14:09:24.972 [main] INFO  org.springframework.web.context.ContextLoader - Root WebApplicationContext: initialization completed in 2440 ms
2020-12-01 14:09:25.281 [main] DEBUG com.example.demo.security.code.ImageCodeFilter - Filter 'imageCodeFilter' configured for use
2020-12-01 14:09:25.282 [main] DEBUG c.e.demo.security.JwtAuthenticationTokenFilter - Filter 'jwtAuthenticationTokenFilter' configured for use
2020-12-01 14:09:26.183 [main] INFO  o.s.security.web.DefaultSecurityFilterChain - Creating filter chain: org.springframework.security.web.util.matcher.AnyRequestMatcher@1, [org.springframework.security.web.context.request.async.WebAsyncManagerIntegrationFilter@1f172892, org.springframework.security.web.context.SecurityContextPersistenceFilter@7aae1170, org.springframework.security.web.header.HeaderWriterFilter@635ff2a5, org.springframework.security.web.authentication.logout.LogoutFilter@22da200e, com.example.demo.security.JwtAuthenticationTokenFilter@66d25ba9, org.springframework.security.web.savedrequest.RequestCacheAwareFilter@163e8949, org.springframework.security.web.servletapi.SecurityContextHolderAwareRequestFilter@a457c2b, org.springframework.security.web.authentication.AnonymousAuthenticationFilter@5409dfdd, org.springframework.security.web.session.SessionManagementFilter@58601e7a, org.springframework.security.web.access.ExceptionTranslationFilter@1e6bd263, org.springframework.security.web.access.intercept.FilterSecurityInterceptor@4b476233]
2020-12-01 14:09:26.416 [main] INFO  o.s.scheduling.concurrent.ThreadPoolTaskExecutor - Initializing ExecutorService 'applicationTaskExecutor'
2020-12-01 14:09:26.562 [main] INFO  t.mybatis.mapper.autoconfigure.MapperCacheDisabler - Clear tk.mybatis.mapper.util.MsUtil CLASS_CACHE cache.
2020-12-01 14:09:26.563 [main] INFO  t.mybatis.mapper.autoconfigure.MapperCacheDisabler - Clear tk.mybatis.mapper.genid.GenIdUtil CACHE cache.
2020-12-01 14:09:26.563 [main] INFO  t.mybatis.mapper.autoconfigure.MapperCacheDisabler - Clear tk.mybatis.mapper.version.VersionUtil CACHE cache.
2020-12-01 14:09:26.565 [main] INFO  t.mybatis.mapper.autoconfigure.MapperCacheDisabler - Clear EntityHelper entityTableMap cache.
2020-12-01 14:09:26.922 [main] INFO  org.mongodb.driver.cluster - Cluster created with settings {hosts=[localhost:27017], mode=SINGLE, requiredClusterType=UNKNOWN, serverSelectionTimeout='30000 ms', maxWaitQueueSize=500}
2020-12-01 14:09:27.435 [main] INFO  org.apache.coyote.http11.Http11NioProtocol - Starting ProtocolHandler ["http-nio-8082"]
2020-12-01 14:09:27.488 [main] INFO  o.s.boot.web.embedded.tomcat.TomcatWebServer - Tomcat started on port(s): 8082 (http) with context path ''
2020-12-01 14:09:27.492 [main] INFO  com.example.demo.DemoApplication - Started DemoApplication in 5.976 seconds (JVM running for 6.997)
2020-12-01 14:09:27.955 [cluster-ClusterId{value='5fc5de1642566f1aec8940b2', description='null'}-localhost:27017] INFO  org.mongodb.driver.cluster - Exception in monitor thread while connecting to server localhost:27017
com.mongodb.MongoSocketOpenException: Exception opening socket
	at com.mongodb.internal.connection.SocketStream.open(SocketStream.java:67)
	at com.mongodb.internal.connection.InternalStreamConnection.open(InternalStreamConnection.java:126)
	at com.mongodb.internal.connection.DefaultServerMonitor$ServerMonitorRunnable.run(DefaultServerMonitor.java:117)
	at java.lang.Thread.run(Thread.java:748)
Caused by: java.net.ConnectException: Connection refused: connect
	at java.net.DualStackPlainSocketImpl.waitForConnect(Native Method)
	at java.net.DualStackPlainSocketImpl.socketConnect(DualStackPlainSocketImpl.java:85)
	at java.net.AbstractPlainSocketImpl.doConnect(AbstractPlainSocketImpl.java:350)
	at java.net.AbstractPlainSocketImpl.connectToAddress(AbstractPlainSocketImpl.java:206)
	at java.net.AbstractPlainSocketImpl.connect(AbstractPlainSocketImpl.java:188)
	at java.net.PlainSocketImpl.connect(PlainSocketImpl.java:172)
	at java.net.SocksSocketImpl.connect(SocksSocketImpl.java:392)
	at java.net.Socket.connect(Socket.java:589)
	at com.mongodb.internal.connection.SocketStreamHelper.initialize(SocketStreamHelper.java:64)
	at com.mongodb.internal.connection.SocketStream.open(SocketStream.java:62)
	... 3 common frames omitted
2020-12-01 14:10:56.926 [Thread-15] INFO  o.s.scheduling.concurrent.ThreadPoolTaskExecutor - Shutting down ExecutorService 'applicationTaskExecutor'
2020-12-01 14:11:04.212 [main] INFO  com.example.demo.DemoApplication - Starting DemoApplication on DESKTOP-G9P9UMO with PID 23872 (D:\date20190411\demo\target\classes started by wangmy in D:\date20190411\demo)
2020-12-01 14:11:04.215 [main] DEBUG com.example.demo.DemoApplication - Running with Spring Boot v2.1.5.RELEASE, Spring v5.1.7.RELEASE
2020-12-01 14:11:04.215 [main] INFO  com.example.demo.DemoApplication - The following profiles are active: dev
2020-12-01 14:11:04.909 [main] WARN  tk.mybatis.spring.mapper.ClassPathMapperScanner - No MyBatis mapper was found in '[com.example.demo]' package. Please check your configuration.
2020-12-01 14:11:04.966 [main] INFO  o.s.d.r.config.RepositoryConfigurationDelegate - Multiple Spring Data modules found, entering strict repository configuration mode!
2020-12-01 14:11:04.967 [main] INFO  o.s.d.r.config.RepositoryConfigurationDelegate - Bootstrapping Spring Data repositories in DEFAULT mode.
2020-12-01 14:11:04.995 [main] INFO  o.s.d.r.config.RepositoryConfigurationDelegate - Finished Spring Data repository scanning in 22ms. Found 0 repository interfaces.
2020-12-01 14:11:05.005 [main] INFO  o.s.d.r.config.RepositoryConfigurationDelegate - Multiple Spring Data modules found, entering strict repository configuration mode!
2020-12-01 14:11:05.006 [main] INFO  o.s.d.r.config.RepositoryConfigurationDelegate - Bootstrapping Spring Data repositories in DEFAULT mode.
2020-12-01 14:11:05.026 [main] INFO  o.s.d.r.config.RepositoryConfigurationDelegate - Finished Spring Data repository scanning in 12ms. Found 0 repository interfaces.
2020-12-01 14:11:05.494 [main] INFO  o.s.c.s.PostProcessorRegistrationDelegate$BeanPostProcessorChecker - Bean 'org.springframework.transaction.annotation.ProxyTransactionManagementConfiguration' of type [org.springframework.transaction.annotation.ProxyTransactionManagementConfiguration$$EnhancerBySpringCGLIB$$8aa19d5c] is not eligible for getting processed by all BeanPostProcessors (for example: not eligible for auto-proxying)
2020-12-01 14:11:05.647 [main] INFO  o.s.c.s.PostProcessorRegistrationDelegate$BeanPostProcessorChecker - Bean 'org.springframework.security.config.annotation.configuration.ObjectPostProcessorConfiguration' of type [org.springframework.security.config.annotation.configuration.ObjectPostProcessorConfiguration$$EnhancerBySpringCGLIB$$234f6596] is not eligible for getting processed by all BeanPostProcessors (for example: not eligible for auto-proxying)
2020-12-01 14:11:05.654 [main] INFO  o.s.c.s.PostProcessorRegistrationDelegate$BeanPostProcessorChecker - Bean 'objectPostProcessor' of type [org.springframework.security.config.annotation.configuration.AutowireBeanFactoryObjectPostProcessor] is not eligible for getting processed by all BeanPostProcessors (for example: not eligible for auto-proxying)
2020-12-01 14:11:05.657 [main] INFO  o.s.c.s.PostProcessorRegistrationDelegate$BeanPostProcessorChecker - Bean 'org.springframework.security.access.expression.method.DefaultMethodSecurityExpressionHandler@5583098b' of type [org.springframework.security.access.expression.method.DefaultMethodSecurityExpressionHandler] is not eligible for getting processed by all BeanPostProcessors (for example: not eligible for auto-proxying)
2020-12-01 14:11:05.658 [main] INFO  o.s.c.s.PostProcessorRegistrationDelegate$BeanPostProcessorChecker - Bean 'org.springframework.security.config.annotation.method.configuration.GlobalMethodSecurityConfiguration' of type [org.springframework.security.config.annotation.method.configuration.GlobalMethodSecurityConfiguration$$EnhancerBySpringCGLIB$$48240848] is not eligible for getting processed by all BeanPostProcessors (for example: not eligible for auto-proxying)
2020-12-01 14:11:05.667 [main] INFO  o.s.c.s.PostProcessorRegistrationDelegate$BeanPostProcessorChecker - Bean 'methodSecurityMetadataSource' of type [org.springframework.security.access.method.DelegatingMethodSecurityMetadataSource] is not eligible for getting processed by all BeanPostProcessors (for example: not eligible for auto-proxying)
2020-12-01 14:11:05.991 [main] INFO  o.s.boot.web.embedded.tomcat.TomcatWebServer - Tomcat initialized with port(s): 8082 (http)
2020-12-01 14:11:06.080 [main] INFO  org.apache.coyote.http11.Http11NioProtocol - Initializing ProtocolHandler ["http-nio-8082"]
2020-12-01 14:11:06.089 [main] INFO  org.apache.catalina.core.StandardService - Starting service [Tomcat]
2020-12-01 14:11:06.089 [main] INFO  org.apache.catalina.core.StandardEngine - Starting Servlet engine: [Apache Tomcat/9.0.19]
2020-12-01 14:11:06.209 [main] INFO  o.a.c.core.ContainerBase.[Tomcat].[localhost].[/] - Initializing Spring embedded WebApplicationContext
2020-12-01 14:11:06.210 [main] INFO  org.springframework.web.context.ContextLoader - Root WebApplicationContext: initialization completed in 1941 ms
2020-12-01 14:11:06.547 [main] DEBUG com.example.demo.security.code.ImageCodeFilter - Filter 'imageCodeFilter' configured for use
2020-12-01 14:11:06.548 [main] DEBUG c.e.demo.security.JwtAuthenticationTokenFilter - Filter 'jwtAuthenticationTokenFilter' configured for use
2020-12-01 14:11:07.419 [main] INFO  o.s.security.web.DefaultSecurityFilterChain - Creating filter chain: org.springframework.security.web.util.matcher.AnyRequestMatcher@1, [org.springframework.security.web.context.request.async.WebAsyncManagerIntegrationFilter@23e2c1ca, org.springframework.security.web.context.SecurityContextPersistenceFilter@684372d0, org.springframework.security.web.header.HeaderWriterFilter@41a16eb3, org.springframework.security.web.authentication.logout.LogoutFilter@66d3b881, com.example.demo.security.JwtAuthenticationTokenFilter@9cfc77, org.springframework.security.web.savedrequest.RequestCacheAwareFilter@41f964f9, org.springframework.security.web.servletapi.SecurityContextHolderAwareRequestFilter@5a3cf878, org.springframework.security.web.authentication.AnonymousAuthenticationFilter@2d4fb0d8, org.springframework.security.web.session.SessionManagementFilter@51fe7f15, org.springframework.security.web.access.ExceptionTranslationFilter@203b953c, org.springframework.security.web.access.intercept.FilterSecurityInterceptor@6a96d639]
2020-12-01 14:11:07.687 [main] INFO  o.s.scheduling.concurrent.ThreadPoolTaskExecutor - Initializing ExecutorService 'applicationTaskExecutor'
2020-12-01 14:11:07.835 [main] INFO  t.mybatis.mapper.autoconfigure.MapperCacheDisabler - Clear tk.mybatis.mapper.util.MsUtil CLASS_CACHE cache.
2020-12-01 14:11:07.836 [main] INFO  t.mybatis.mapper.autoconfigure.MapperCacheDisabler - Clear tk.mybatis.mapper.genid.GenIdUtil CACHE cache.
2020-12-01 14:11:07.837 [main] INFO  t.mybatis.mapper.autoconfigure.MapperCacheDisabler - Clear tk.mybatis.mapper.version.VersionUtil CACHE cache.
2020-12-01 14:11:07.839 [main] INFO  t.mybatis.mapper.autoconfigure.MapperCacheDisabler - Clear EntityHelper entityTableMap cache.
2020-12-01 14:11:08.195 [main] INFO  org.mongodb.driver.cluster - Cluster created with settings {hosts=[localhost:27017], mode=SINGLE, requiredClusterType=UNKNOWN, serverSelectionTimeout='30000 ms', maxWaitQueueSize=500}
2020-12-01 14:11:08.719 [main] INFO  org.apache.coyote.http11.Http11NioProtocol - Starting ProtocolHandler ["http-nio-8082"]
2020-12-01 14:11:08.744 [main] INFO  o.s.boot.web.embedded.tomcat.TomcatWebServer - Tomcat started on port(s): 8082 (http) with context path ''
2020-12-01 14:11:08.748 [main] INFO  com.example.demo.DemoApplication - Started DemoApplication in 5.415 seconds (JVM running for 6.525)
2020-12-01 14:11:09.238 [cluster-ClusterId{value='5fc5de7c42566f5d40b9232b', description='null'}-localhost:27017] INFO  org.mongodb.driver.cluster - Exception in monitor thread while connecting to server localhost:27017
com.mongodb.MongoSocketOpenException: Exception opening socket
	at com.mongodb.internal.connection.SocketStream.open(SocketStream.java:67)
	at com.mongodb.internal.connection.InternalStreamConnection.open(InternalStreamConnection.java:126)
	at com.mongodb.internal.connection.DefaultServerMonitor$ServerMonitorRunnable.run(DefaultServerMonitor.java:117)
	at java.lang.Thread.run(Thread.java:748)
Caused by: java.net.ConnectException: Connection refused: connect
	at java.net.DualStackPlainSocketImpl.waitForConnect(Native Method)
	at java.net.DualStackPlainSocketImpl.socketConnect(DualStackPlainSocketImpl.java:85)
	at java.net.AbstractPlainSocketImpl.doConnect(AbstractPlainSocketImpl.java:350)
	at java.net.AbstractPlainSocketImpl.connectToAddress(AbstractPlainSocketImpl.java:206)
	at java.net.AbstractPlainSocketImpl.connect(AbstractPlainSocketImpl.java:188)
	at java.net.PlainSocketImpl.connect(PlainSocketImpl.java:172)
	at java.net.SocksSocketImpl.connect(SocksSocketImpl.java:392)
	at java.net.Socket.connect(Socket.java:589)
	at com.mongodb.internal.connection.SocketStreamHelper.initialize(SocketStreamHelper.java:64)
	at com.mongodb.internal.connection.SocketStream.open(SocketStream.java:62)
	... 3 common frames omitted
2020-12-01 14:16:02.416 [Thread-14] INFO  o.s.scheduling.concurrent.ThreadPoolTaskExecutor - Shutting down ExecutorService 'applicationTaskExecutor'
2020-12-01 14:16:09.150 [main] INFO  com.example.demo.DemoApplication - Starting DemoApplication on DESKTOP-G9P9UMO with PID 6736 (D:\date20190411\demo\target\classes started by wangmy in D:\date20190411\demo)
2020-12-01 14:16:09.153 [main] DEBUG com.example.demo.DemoApplication - Running with Spring Boot v2.1.5.RELEASE, Spring v5.1.7.RELEASE
2020-12-01 14:16:09.153 [main] INFO  com.example.demo.DemoApplication - The following profiles are active: dev
2020-12-01 14:16:09.959 [main] WARN  tk.mybatis.spring.mapper.ClassPathMapperScanner - No MyBatis mapper was found in '[com.example.demo]' package. Please check your configuration.
2020-12-01 14:16:10.013 [main] INFO  o.s.d.r.config.RepositoryConfigurationDelegate - Multiple Spring Data modules found, entering strict repository configuration mode!
2020-12-01 14:16:10.014 [main] INFO  o.s.d.r.config.RepositoryConfigurationDelegate - Bootstrapping Spring Data repositories in DEFAULT mode.
2020-12-01 14:16:10.042 [main] INFO  o.s.d.r.config.RepositoryConfigurationDelegate - Finished Spring Data repository scanning in 23ms. Found 0 repository interfaces.
2020-12-01 14:16:10.053 [main] INFO  o.s.d.r.config.RepositoryConfigurationDelegate - Multiple Spring Data modules found, entering strict repository configuration mode!
2020-12-01 14:16:10.054 [main] INFO  o.s.d.r.config.RepositoryConfigurationDelegate - Bootstrapping Spring Data repositories in DEFAULT mode.
2020-12-01 14:16:10.074 [main] INFO  o.s.d.r.config.RepositoryConfigurationDelegate - Finished Spring Data repository scanning in 13ms. Found 0 repository interfaces.
2020-12-01 14:16:10.505 [main] INFO  o.s.c.s.PostProcessorRegistrationDelegate$BeanPostProcessorChecker - Bean 'org.springframework.transaction.annotation.ProxyTransactionManagementConfiguration' of type [org.springframework.transaction.annotation.ProxyTransactionManagementConfiguration$$EnhancerBySpringCGLIB$$ca7435c2] is not eligible for getting processed by all BeanPostProcessors (for example: not eligible for auto-proxying)
2020-12-01 14:16:10.663 [main] INFO  o.s.c.s.PostProcessorRegistrationDelegate$BeanPostProcessorChecker - Bean 'org.springframework.security.config.annotation.configuration.ObjectPostProcessorConfiguration' of type [org.springframework.security.config.annotation.configuration.ObjectPostProcessorConfiguration$$EnhancerBySpringCGLIB$$6321fdfc] is not eligible for getting processed by all BeanPostProcessors (for example: not eligible for auto-proxying)
2020-12-01 14:16:10.669 [main] INFO  o.s.c.s.PostProcessorRegistrationDelegate$BeanPostProcessorChecker - Bean 'objectPostProcessor' of type [org.springframework.security.config.annotation.configuration.AutowireBeanFactoryObjectPostProcessor] is not eligible for getting processed by all BeanPostProcessors (for example: not eligible for auto-proxying)
2020-12-01 14:16:10.672 [main] INFO  o.s.c.s.PostProcessorRegistrationDelegate$BeanPostProcessorChecker - Bean 'org.springframework.security.access.expression.method.DefaultMethodSecurityExpressionHandler@72eb6200' of type [org.springframework.security.access.expression.method.DefaultMethodSecurityExpressionHandler] is not eligible for getting processed by all BeanPostProcessors (for example: not eligible for auto-proxying)
2020-12-01 14:16:10.675 [main] INFO  o.s.c.s.PostProcessorRegistrationDelegate$BeanPostProcessorChecker - Bean 'org.springframework.security.config.annotation.method.configuration.GlobalMethodSecurityConfiguration' of type [org.springframework.security.config.annotation.method.configuration.GlobalMethodSecurityConfiguration$$EnhancerBySpringCGLIB$$87f6a0ae] is not eligible for getting processed by all BeanPostProcessors (for example: not eligible for auto-proxying)
2020-12-01 14:16:10.684 [main] INFO  o.s.c.s.PostProcessorRegistrationDelegate$BeanPostProcessorChecker - Bean 'methodSecurityMetadataSource' of type [org.springframework.security.access.method.DelegatingMethodSecurityMetadataSource] is not eligible for getting processed by all BeanPostProcessors (for example: not eligible for auto-proxying)
2020-12-01 14:16:11.030 [main] INFO  o.s.boot.web.embedded.tomcat.TomcatWebServer - Tomcat initialized with port(s): 8082 (http)
2020-12-01 14:16:11.113 [main] INFO  org.apache.coyote.http11.Http11NioProtocol - Initializing ProtocolHandler ["http-nio-8082"]
2020-12-01 14:16:11.122 [main] INFO  org.apache.catalina.core.StandardService - Starting service [Tomcat]
2020-12-01 14:16:11.122 [main] INFO  org.apache.catalina.core.StandardEngine - Starting Servlet engine: [Apache Tomcat/9.0.19]
2020-12-01 14:16:11.286 [main] INFO  o.a.c.core.ContainerBase.[Tomcat].[localhost].[/] - Initializing Spring embedded WebApplicationContext
2020-12-01 14:16:11.287 [main] INFO  org.springframework.web.context.ContextLoader - Root WebApplicationContext: initialization completed in 2089 ms
2020-12-01 14:16:11.618 [main] DEBUG com.example.demo.security.code.ImageCodeFilter - Filter 'imageCodeFilter' configured for use
2020-12-01 14:16:11.619 [main] DEBUG c.e.demo.security.JwtAuthenticationTokenFilter - Filter 'jwtAuthenticationTokenFilter' configured for use
2020-12-01 14:16:12.769 [main] INFO  o.s.security.web.DefaultSecurityFilterChain - Creating filter chain: org.springframework.security.web.util.matcher.AnyRequestMatcher@1, [org.springframework.security.web.context.request.async.WebAsyncManagerIntegrationFilter@305552d6, org.springframework.security.web.context.SecurityContextPersistenceFilter@26bb92e2, org.springframework.security.web.header.HeaderWriterFilter@72a7aa4f, org.springframework.security.web.authentication.logout.LogoutFilter@2fca3eb5, com.example.demo.security.JwtAuthenticationTokenFilter@525647f3, org.springframework.security.web.savedrequest.RequestCacheAwareFilter@658e7ead, org.springframework.security.web.servletapi.SecurityContextHolderAwareRequestFilter@3957d88b, org.springframework.security.web.authentication.AnonymousAuthenticationFilter@729cd862, org.springframework.security.web.session.SessionManagementFilter@4c063cb9, org.springframework.security.web.access.ExceptionTranslationFilter@ff0e6d4, org.springframework.security.web.access.intercept.FilterSecurityInterceptor@36463b09]
2020-12-01 14:16:13.111 [main] INFO  o.s.scheduling.concurrent.ThreadPoolTaskExecutor - Initializing ExecutorService 'applicationTaskExecutor'
2020-12-01 14:16:13.288 [main] INFO  t.mybatis.mapper.autoconfigure.MapperCacheDisabler - Clear tk.mybatis.mapper.util.MsUtil CLASS_CACHE cache.
2020-12-01 14:16:13.289 [main] INFO  t.mybatis.mapper.autoconfigure.MapperCacheDisabler - Clear tk.mybatis.mapper.genid.GenIdUtil CACHE cache.
2020-12-01 14:16:13.290 [main] INFO  t.mybatis.mapper.autoconfigure.MapperCacheDisabler - Clear tk.mybatis.mapper.version.VersionUtil CACHE cache.
2020-12-01 14:16:13.292 [main] INFO  t.mybatis.mapper.autoconfigure.MapperCacheDisabler - Clear EntityHelper entityTableMap cache.
2020-12-01 14:16:13.774 [main] INFO  org.mongodb.driver.cluster - Cluster created with settings {hosts=[localhost:27017], mode=SINGLE, requiredClusterType=UNKNOWN, serverSelectionTimeout='30000 ms', maxWaitQueueSize=500}
2020-12-01 14:16:14.331 [main] INFO  org.apache.coyote.http11.Http11NioProtocol - Starting ProtocolHandler ["http-nio-8082"]
2020-12-01 14:16:14.354 [main] INFO  o.s.boot.web.embedded.tomcat.TomcatWebServer - Tomcat started on port(s): 8082 (http) with context path ''
2020-12-01 14:16:14.357 [main] INFO  com.example.demo.DemoApplication - Started DemoApplication in 6.077 seconds (JVM running for 7.59)
2020-12-01 14:16:14.809 [cluster-ClusterId{value='5fc5dfad42566f1a505647c0', description='null'}-localhost:27017] INFO  org.mongodb.driver.cluster - Exception in monitor thread while connecting to server localhost:27017
com.mongodb.MongoSocketOpenException: Exception opening socket
	at com.mongodb.internal.connection.SocketStream.open(SocketStream.java:67)
	at com.mongodb.internal.connection.InternalStreamConnection.open(InternalStreamConnection.java:126)
	at com.mongodb.internal.connection.DefaultServerMonitor$ServerMonitorRunnable.run(DefaultServerMonitor.java:117)
	at java.lang.Thread.run(Thread.java:748)
Caused by: java.net.ConnectException: Connection refused: connect
	at java.net.DualStackPlainSocketImpl.waitForConnect(Native Method)
	at java.net.DualStackPlainSocketImpl.socketConnect(DualStackPlainSocketImpl.java:85)
	at java.net.AbstractPlainSocketImpl.doConnect(AbstractPlainSocketImpl.java:350)
	at java.net.AbstractPlainSocketImpl.connectToAddress(AbstractPlainSocketImpl.java:206)
	at java.net.AbstractPlainSocketImpl.connect(AbstractPlainSocketImpl.java:188)
	at java.net.PlainSocketImpl.connect(PlainSocketImpl.java:172)
	at java.net.SocksSocketImpl.connect(SocksSocketImpl.java:392)
	at java.net.Socket.connect(Socket.java:589)
	at com.mongodb.internal.connection.SocketStreamHelper.initialize(SocketStreamHelper.java:64)
	at com.mongodb.internal.connection.SocketStream.open(SocketStream.java:62)
	... 3 common frames omitted
2020-12-01 14:16:44.262 [Thread-16] INFO  o.s.scheduling.concurrent.ThreadPoolTaskExecutor - Shutting down ExecutorService 'applicationTaskExecutor'
